
[2025-04-22 16:17:21] Beginning TopHat run (v2.0.14)
-----------------------------------------------
[2025-04-22 16:17:21] Checking for Bowtie
		  Bowtie version:	 2.2.5.0
[2025-04-22 16:17:21] Checking for Bowtie index files (genome)..
[2025-04-22 16:17:21] Checking for reference FASTA file
[2025-04-22 16:17:21] Generating SAM header for athal/athal
[2025-04-22 16:17:21] Preparing reads
	 left reads: min. length=50, max. length=50, 63573 kept reads (0 discarded)
[2025-04-22 16:17:44] Mapping left_kept_reads to genome athal with Bowtie2 
[2025-04-22 16:17:47] Mapping left_kept_reads_seg1 to genome athal with Bowtie2 (1/2)
[2025-04-22 16:17:48] Mapping left_kept_reads_seg2 to genome athal with Bowtie2 (2/2)
[2025-04-22 16:17:49] Searching for junctions via segment mapping
[2025-04-22 16:17:50] Retrieving sequences for splices
[2025-04-22 16:17:51] Indexing splices
[2025-04-22 16:17:53] Mapping left_kept_reads_seg1 to genome segment_juncs with Bowtie2 (1/2)
[2025-04-22 16:17:54] Mapping left_kept_reads_seg2 to genome segment_juncs with Bowtie2 (2/2)
[2025-04-22 16:17:54] Joining segment hits
[2025-04-22 16:17:56] Reporting output tracks
-----------------------------------------------
[2025-04-22 16:18:03] A summary of the alignment counts can be found in Tophat/Day8/align_summary.txt
[2025-04-22 16:18:03] Run complete: 00:00:42 elapsed
